# JRE version: OpenJDK Runtime Environment (8.0_242-b01) (build 1.8.0_242-release-1644-b01)
# Java VM: OpenJDK 64-Bit Server VM (25.242-b01 mixed mode windows-amd64 compressed oops)
Heap:
 PSYoungGen      total 403456K, used 84219K [0x00000000d5580000, 0x00000000f5980000, 0x0000000100000000)
  eden space 295936K, 0% used [0x00000000d5580000,0x00000000d5580000,0x00000000e7680000)
  from space 107520K, 78% used [0x00000000e7f00000,0x00000000ed13ed60,0x00000000ee800000)
  to   space 116224K, 0% used [0x00000000ee800000,0x00000000ee800000,0x00000000f5980000)
 ParOldGen       total 321536K, used 143219K [0x0000000080000000, 0x0000000093a00000, 0x00000000d5580000)
  object space 321536K, 44% used [0x0000000080000000,0x0000000088bdcc00,0x0000000093a00000)
 Metaspace       used 154018K, capacity 163757K, committed 163776K, reserved 1191936K
  class space    used 20022K, capacity 22144K, committed 22144K, reserved 1048576K
GC Heap History (10 events):
Event: 1293.883 GC heap after
Heap after GC invocations=25 (full 4):
 PSYoungGen      total 395776K, used 63475K [0x00000000d5580000, 0x00000000f3400000, 0x0000000100000000)
  eden space 332288K, 0% used [0x00000000d5580000,0x00000000d5580000,0x00000000e9a00000)
  from space 63488K, 99% used [0x00000000ea400000,0x00000000ee1fcfe0,0x00000000ee200000)
  to   space 78848K, 0% used [0x00000000ee700000,0x00000000ee700000,0x00000000f3400000)
 ParOldGen       total 321536K, used 119617K [0x0000000080000000, 0x0000000093a00000, 0x00000000d5580000)
  object space 321536K, 37% used [0x0000000080000000,0x00000000874d0748,0x0000000093a00000)
 Metaspace       used 140257K, capacity 148198K, committed 148312K, reserved 1177600K
  class space    used 18339K, capacity 20043K, committed 20096K, reserved 1048576K
}
Event: 1308.006 GC heap before
{Heap before GC invocations=26 (full 4):
 PSYoungGen      total 395776K, used 395763K [0x00000000d5580000, 0x00000000f3400000, 0x0000000100000000)
  eden space 332288K, 100% used [0x00000000d5580000,0x00000000e9a00000,0x00000000e9a00000)
  from space 63488K, 99% used [0x00000000ea400000,0x00000000ee1fcfe0,0x00000000ee200000)
  to   space 78848K, 0% used [0x00000000ee700000,0x00000000ee700000,0x00000000f3400000)
 ParOldGen       total 321536K, used 119617K [0x0000000080000000, 0x0000000093a00000, 0x00000000d5580000)
  object space 321536K, 37% used [0x0000000080000000,0x00000000874d0748,0x0000000093a00000)
 Metaspace       used 146871K, capacity 155352K, committed 155480K, reserved 1183744K
  class space    used 19251K, capacity 21028K, committed 21120K, reserved 1048576K
Event: 1308.080 GC heap after
Heap after GC invocations=26 (full 4):
 PSYoungGen      total 401408K, used 64468K [0x00000000d5580000, 0x00000000f3880000, 0x0000000100000000)
  eden space 322560K, 0% used [0x00000000d5580000,0x00000000d5580000,0x00000000e9080000)
  from space 78848K, 81% used [0x00000000ee700000,0x00000000f25f5340,0x00000000f3400000)
  to   space 86016K, 0% used [0x00000000e9080000,0x00000000e9080000,0x00000000ee480000)
 ParOldGen       total 321536K, used 143195K [0x0000000080000000, 0x0000000093a00000, 0x00000000d5580000)
  object space 321536K, 44% used [0x0000000080000000,0x0000000088bd6c00,0x0000000093a00000)
 Metaspace       used 146871K, capacity 155352K, committed 155480K, reserved 1183744K
  class space    used 19251K, capacity 21028K, committed 21120K, reserved 1048576K
}
Event: 1336.877 GC heap before
{Heap before GC invocations=27 (full 4):
 PSYoungGen      total 401408K, used 387028K [0x00000000d5580000, 0x00000000f3880000, 0x0000000100000000)
  eden space 322560K, 100% used [0x00000000d5580000,0x00000000e9080000,0x00000000e9080000)
  from space 78848K, 81% used [0x00000000ee700000,0x00000000f25f5340,0x00000000f3400000)
  to   space 86016K, 0% used [0x00000000e9080000,0x00000000e9080000,0x00000000ee480000)
 ParOldGen       total 321536K, used 143195K [0x0000000080000000, 0x0000000093a00000, 0x00000000d5580000)
  object space 321536K, 44% used [0x0000000080000000,0x0000000088bd6c00,0x0000000093a00000)
 Metaspace       used 152714K, capacity 161704K, committed 161880K, reserved 1189888K
  class space    used 19880K, capacity 21787K, committed 21888K, reserved 1048576K
Event: 1336.951 GC heap after
Heap after GC invocations=27 (full 4):
 PSYoungGen      total 399360K, used 84271K [0x00000000d5580000, 0x00000000f4880000, 0x0000000100000000)
  eden space 313344K, 0% used [0x00000000d5580000,0x00000000d5580000,0x00000000e8780000)
  from space 86016K, 97% used [0x00000000e9080000,0x00000000ee2cbf50,0x00000000ee480000)
  to   space 98816K, 0% used [0x00000000ee800000,0x00000000ee800000,0x00000000f4880000)
 ParOldGen       total 321536K, used 143203K [0x0000000080000000, 0x0000000093a00000, 0x00000000d5580000)
  object space 321536K, 44% used [0x0000000080000000,0x0000000088bd8c00,0x0000000093a00000)
 Metaspace       used 152714K, capacity 161704K, committed 161880K, reserved 1189888K
  class space    used 19880K, capacity 21787K, committed 21888K, reserved 1048576K
}
Event: 1976.665 GC heap before
{Heap before GC invocations=28 (full 4):
 PSYoungGen      total 399360K, used 397615K [0x00000000d5580000, 0x00000000f4880000, 0x0000000100000000)
  eden space 313344K, 100% used [0x00000000d5580000,0x00000000e8780000,0x00000000e8780000)
  from space 86016K, 97% used [0x00000000e9080000,0x00000000ee2cbf50,0x00000000ee480000)
  to   space 98816K, 0% used [0x00000000ee800000,0x00000000ee800000,0x00000000f4880000)
 ParOldGen       total 321536K, used 143203K [0x0000000080000000, 0x0000000093a00000, 0x00000000d5580000)
  object space 321536K, 44% used [0x0000000080000000,0x0000000088bd8c00,0x0000000093a00000)
 Metaspace       used 153773K, capacity 163290K, committed 163416K, reserved 1189888K
  class space    used 19984K, capacity 22077K, committed 22144K, reserved 1048576K
Event: 1976.793 GC heap after
Heap after GC invocations=28 (full 4):
 PSYoungGen      total 403456K, used 79482K [0x00000000d5580000, 0x00000000f5100000, 0x0000000100000000)
  eden space 304640K, 0% used [0x00000000d5580000,0x00000000d5580000,0x00000000e7f00000)
  from space 98816K, 80% used [0x00000000ee800000,0x00000000f359e960,0x00000000f4880000)
  to   space 107520K, 0% used [0x00000000e7f00000,0x00000000e7f00000,0x00000000ee800000)
 ParOldGen       total 321536K, used 143211K [0x0000000080000000, 0x0000000093a00000, 0x00000000d5580000)
  object space 321536K, 44% used [0x0000000080000000,0x0000000088bdac00,0x0000000093a00000)
 Metaspace       used 153773K, capacity 163290K, committed 163416K, reserved 1189888K
  class space    used 19984K, capacity 22077K, committed 22144K, reserved 1048576K
}
Event: 1979.058 GC heap before
{Heap before GC invocations=29 (full 4):
 PSYoungGen      total 403456K, used 266402K [0x00000000d5580000, 0x00000000f5100000, 0x0000000100000000)
  eden space 304640K, 61% used [0x00000000d5580000,0x00000000e0c09f78,0x00000000e7f00000)
  from space 98816K, 80% used [0x00000000ee800000,0x00000000f359e960,0x00000000f4880000)
  to   space 107520K, 0% used [0x00000000e7f00000,0x00000000e7f00000,0x00000000ee800000)
 ParOldGen       total 321536K, used 143211K [0x0000000080000000, 0x0000000093a00000, 0x00000000d5580000)
  object space 321536K, 44% used [0x0000000080000000,0x0000000088bdac00,0x0000000093a00000)
 Metaspace       used 154018K, capacity 163757K, committed 163776K, reserved 1191936K
  class space    used 20022K, capacity 22144K, committed 22144K, reserved 1048576K
Event: 1979.118 GC heap after
Heap after GC invocations=29 (full 4):
 PSYoungGen      total 403456K, used 84219K [0x00000000d5580000, 0x00000000f5980000, 0x0000000100000000)
  eden space 295936K, 0% used [0x00000000d5580000,0x00000000d5580000,0x00000000e7680000)
  from space 107520K, 78% used [0x00000000e7f00000,0x00000000ed13ed60,0x00000000ee800000)
  to   space 116224K, 0% used [0x00000000ee800000,0x00000000ee800000,0x00000000f5980000)
 ParOldGen       total 321536K, used 143219K [0x0000000080000000, 0x0000000093a00000, 0x00000000d5580000)
  object space 321536K, 44% used [0x0000000080000000,0x0000000088bdcc00,0x0000000093a00000)
 Metaspace       used 154018K, capacity 163757K, committed 163776K, reserved 1191936K
  class space    used 20022K, capacity 22144K, committed 22144K, reserved 1048576K
}
Event: 1979.118 GC heap before
{Heap before GC invocations=30 (full 5):
 PSYoungGen      total 403456K, used 84219K [0x00000000d5580000, 0x00000000f5980000, 0x0000000100000000)
  eden space 295936K, 0% used [0x00000000d5580000,0x00000000d5580000,0x00000000e7680000)
  from space 107520K, 78% used [0x00000000e7f00000,0x00000000ed13ed60,0x00000000ee800000)
  to   space 116224K, 0% used [0x00000000ee800000,0x00000000ee800000,0x00000000f5980000)
 ParOldGen       total 321536K, used 143219K [0x0000000080000000, 0x0000000093a00000, 0x00000000d5580000)
  object space 321536K, 44% used [0x0000000080000000,0x0000000088bdcc00,0x0000000093a00000)
 Metaspace       used 154018K, capacity 163757K, committed 163776K, reserved 1191936K
  class space    used 20022K, capacity 22144K, committed 22144K, reserved 1048576K

